<?xml version="1.0" encoding="UTF-8"?>
<!-- Generated by org.testng.reporters.JUnitXMLReporter -->
<testsuite hostname="localhost" tests="6" failures="0" timestamp="21 Nov 2016 07:57:38 GMT" time="52.331" errors="0">
  <testcase name="testDecideNextElevatorDifferentDirection" time="0.27" classname="ElevatorControllerTest"/>
  <testcase name="testDecideNextElevatorSameDirection" time="0.002" classname="ElevatorControllerTest"/>
  <testcase name="testDecideNextElevatorSingle" time="0.0" classname="ElevatorControllerTest"/>
  <testcase name="testMoveMultipleRequestsDifferentDirection" time="21.004" classname="ElevatorTest"/>
  <testcase name="testMoveMultipleRequestsSameDirection" time="13.004" classname="ElevatorTest"/>
  <testcase name="testMoveSingleRequest" time="18.028" classname="ElevatorTest"/>
</testsuite>
